# JRE version: OpenJDK Runtime Environment (8.0_112-b06) (build 1.8.0_112-release-b06)
# Java VM: OpenJDK 64-Bit Server VM (25.112-b06 mixed mode windows-amd64 compressed oops)
Heap:
 PSYoungGen      total 225792K, used 124894K [0x00000000e0000000, 0x00000000eff80000, 0x0000000100000000)
  eden space 210432K, 52% used [0x00000000e0000000,0x00000000e6b3b8e0,0x00000000ecd80000)
  from space 15360K, 98% used [0x00000000ed580000,0x00000000ee43c2a8,0x00000000ee480000)
  to   space 25600K, 0% used [0x00000000ee680000,0x00000000ee680000,0x00000000eff80000)
 ParOldGen       total 119808K, used 47724K [0x00000000a0000000, 0x00000000a7500000, 0x00000000e0000000)
  object space 119808K, 39% used [0x00000000a0000000,0x00000000a2e9b3f0,0x00000000a7500000)
 Metaspace       used 77275K, capacity 81722K, committed 82008K, reserved 1120256K
  class space    used 9854K, capacity 10558K, committed 10624K, reserved 1048576K
GC Heap History (10 events):
Event: 7309.919 GC heap before
{Heap before GC invocations=28 (full 3):
 PSYoungGen      total 232448K, used 232072K [0x00000000e0000000, 0x00000000f2700000, 0x0000000100000000)
  eden space 219136K, 99% used [0x00000000e0000000,0x00000000ed5fea68,0x00000000ed600000)
  from space 13312K, 97% used [0x00000000f1a00000,0x00000000f26a3678,0x00000000f2700000)
  to   space 25088K, 0% used [0x00000000ef600000,0x00000000ef600000,0x00000000f0e80000)
 ParOldGen       total 119808K, used 47428K [0x00000000a0000000, 0x00000000a7500000, 0x00000000e0000000)
  object space 119808K, 39% used [0x00000000a0000000,0x00000000a2e513d8,0x00000000a7500000)
 Metaspace       used 74799K, capacity 78698K, committed 78936K, reserved 1118208K
  class space    used 9649K, capacity 10362K, committed 10368K, reserved 1048576K
Event: 7310.032 GC heap after
Heap after GC invocations=28 (full 3):
 PSYoungGen      total 226304K, used 15344K [0x00000000e0000000, 0x00000000f1a80000, 0x0000000100000000)
  eden space 210944K, 0% used [0x00000000e0000000,0x00000000e0000000,0x00000000ece00000)
  from space 15360K, 99% used [0x00000000ef600000,0x00000000f04fc170,0x00000000f0500000)
  to   space 22016K, 0% used [0x00000000f0500000,0x00000000f0500000,0x00000000f1a80000)
 ParOldGen       total 119808K, used 47692K [0x00000000a0000000, 0x00000000a7500000, 0x00000000e0000000)
  object space 119808K, 39% used [0x00000000a0000000,0x00000000a2e933f0,0x00000000a7500000)
 Metaspace       used 74799K, capacity 78698K, committed 78936K, reserved 1118208K
  class space    used 9649K, capacity 10362K, committed 10368K, reserved 1048576K
}
Event: 7331.323 GC heap before
{Heap before GC invocations=29 (full 3):
 PSYoungGen      total 226304K, used 226288K [0x00000000e0000000, 0x00000000f1a80000, 0x0000000100000000)
  eden space 210944K, 100% used [0x00000000e0000000,0x00000000ece00000,0x00000000ece00000)
  from space 15360K, 99% used [0x00000000ef600000,0x00000000f04fc170,0x00000000f0500000)
  to   space 22016K, 0% used [0x00000000f0500000,0x00000000f0500000,0x00000000f1a80000)
 ParOldGen       total 119808K, used 47692K [0x00000000a0000000, 0x00000000a7500000, 0x00000000e0000000)
  object space 119808K, 39% used [0x00000000a0000000,0x00000000a2e933f0,0x00000000a7500000)
 Metaspace       used 75341K, capacity 79388K, committed 79576K, reserved 1118208K
  class space    used 9673K, capacity 10401K, committed 10496K, reserved 1048576K
Event: 7331.481 GC heap after
Heap after GC invocations=29 (full 3):
 PSYoungGen      total 224256K, used 20907K [0x00000000e0000000, 0x00000000f1980000, 0x0000000100000000)
  eden space 203264K, 0% used [0x00000000e0000000,0x00000000e0000000,0x00000000ec680000)
  from space 20992K, 99% used [0x00000000f0500000,0x00000000f196aea0,0x00000000f1980000)
  to   space 26624K, 0% used [0x00000000ee580000,0x00000000ee580000,0x00000000eff80000)
 ParOldGen       total 119808K, used 47700K [0x00000000a0000000, 0x00000000a7500000, 0x00000000e0000000)
  object space 119808K, 39% used [0x00000000a0000000,0x00000000a2e953f0,0x00000000a7500000)
 Metaspace       used 75341K, capacity 79388K, committed 79576K, reserved 1118208K
  class space    used 9673K, capacity 10401K, committed 10496K, reserved 1048576K
}
Event: 7338.717 GC heap before
{Heap before GC invocations=30 (full 3):
 PSYoungGen      total 224256K, used 223433K [0x00000000e0000000, 0x00000000f1980000, 0x0000000100000000)
  eden space 203264K, 99% used [0x00000000e0000000,0x00000000ec5c77f0,0x00000000ec680000)
  from space 20992K, 99% used [0x00000000f0500000,0x00000000f196aea0,0x00000000f1980000)
  to   space 26624K, 0% used [0x00000000ee580000,0x00000000ee580000,0x00000000eff80000)
 ParOldGen       total 119808K, used 47700K [0x00000000a0000000, 0x00000000a7500000, 0x00000000e0000000)
  object space 119808K, 39% used [0x00000000a0000000,0x00000000a2e953f0,0x00000000a7500000)
 Metaspace       used 75456K, capacity 79472K, committed 79576K, reserved 1118208K
  class space    used 9674K, capacity 10403K, committed 10496K, reserved 1048576K
Event: 7338.894 GC heap after
Heap after GC invocations=30 (full 3):
 PSYoungGen      total 246784K, used 19407K [0x00000000e0000000, 0x00000000f1300000, 0x0000000100000000)
  eden space 227328K, 0% used [0x00000000e0000000,0x00000000e0000000,0x00000000ede00000)
  from space 19456K, 99% used [0x00000000ee580000,0x00000000ef873e60,0x00000000ef880000)
  to   space 27136K, 0% used [0x00000000ef880000,0x00000000ef880000,0x00000000f1300000)
 ParOldGen       total 119808K, used 47708K [0x00000000a0000000, 0x00000000a7500000, 0x00000000e0000000)
  object space 119808K, 39% used [0x00000000a0000000,0x00000000a2e973f0,0x00000000a7500000)
 Metaspace       used 75456K, capacity 79472K, committed 79576K, reserved 1118208K
  class space    used 9674K, capacity 10403K, committed 10496K, reserved 1048576K
}
Event: 7542.356 GC heap before
{Heap before GC invocations=31 (full 3):
 PSYoungGen      total 246784K, used 246735K [0x00000000e0000000, 0x00000000f1300000, 0x0000000100000000)
  eden space 227328K, 100% used [0x00000000e0000000,0x00000000ede00000,0x00000000ede00000)
  from space 19456K, 99% used [0x00000000ee580000,0x00000000ef873e60,0x00000000ef880000)
  to   space 27136K, 0% used [0x00000000ef880000,0x00000000ef880000,0x00000000f1300000)
 ParOldGen       total 119808K, used 47708K [0x00000000a0000000, 0x00000000a7500000, 0x00000000e0000000)
  object space 119808K, 39% used [0x00000000a0000000,0x00000000a2e973f0,0x00000000a7500000)
 Metaspace       used 75747K, capacity 79980K, committed 80088K, reserved 1118208K
  class space    used 9698K, capacity 10431K, committed 10496K, reserved 1048576K
Event: 7542.526 GC heap after
Heap after GC invocations=31 (full 3):
 PSYoungGen      total 236032K, used 16019K [0x00000000e0000000, 0x00000000f0980000, 0x0000000100000000)
  eden space 218624K, 0% used [0x00000000e0000000,0x00000000e0000000,0x00000000ed580000)
  from space 17408K, 92% used [0x00000000ef880000,0x00000000f0824e30,0x00000000f0980000)
  to   space 26624K, 0% used [0x00000000ed580000,0x00000000ed580000,0x00000000eef80000)
 ParOldGen       total 119808K, used 47716K [0x00000000a0000000, 0x00000000a7500000, 0x00000000e0000000)
  object space 119808K, 39% used [0x00000000a0000000,0x00000000a2e993f0,0x00000000a7500000)
 Metaspace       used 75747K, capacity 79980K, committed 80088K, reserved 1118208K
  class space    used 9698K, capacity 10431K, committed 10496K, reserved 1048576K
}
Event: 8407.078 GC heap before
{Heap before GC invocations=32 (full 3):
 PSYoungGen      total 236032K, used 234643K [0x00000000e0000000, 0x00000000f0980000, 0x0000000100000000)
  eden space 218624K, 100% used [0x00000000e0000000,0x00000000ed580000,0x00000000ed580000)
  from space 17408K, 92% used [0x00000000ef880000,0x00000000f0824e30,0x00000000f0980000)
  to   space 26624K, 0% used [0x00000000ed580000,0x00000000ed580000,0x00000000eef80000)
 ParOldGen       total 119808K, used 47716K [0x00000000a0000000, 0x00000000a7500000, 0x00000000e0000000)
  object space 119808K, 39% used [0x00000000a0000000,0x00000000a2e993f0,0x00000000a7500000)
 Metaspace       used 77102K, capacity 81526K, committed 81752K, reserved 1120256K
  class space    used 9838K, capacity 10558K, committed 10624K, reserved 1048576K
Event: 8407.263 GC heap after
Heap after GC invocations=32 (full 3):
 PSYoungGen      total 225792K, used 15088K [0x00000000e0000000, 0x00000000eff80000, 0x0000000100000000)
  eden space 210432K, 0% used [0x00000000e0000000,0x00000000e0000000,0x00000000ecd80000)
  from space 15360K, 98% used [0x00000000ed580000,0x00000000ee43c2a8,0x00000000ee480000)
  to   space 25600K, 0% used [0x00000000ee680000,0x00000000ee680000,0x00000000eff80000)
 ParOldGen       total 119808K, used 47724K [0x00000000a0000000, 0x00000000a7500000, 0x00000000e0000000)
  object space 119808K, 39% used [0x00000000a0000000,0x00000000a2e9b3f0,0x00000000a7500000)
 Metaspace       used 77102K, capacity 81526K, committed 81752K, reserved 1120256K
  class space    used 9838K, capacity 10558K, committed 10624K, reserved 1048576K
}

